mode: set
Three-Layer-Architecture/datastore/book/mysql.go:14.32,16.2 1 1
Three-Layer-Architecture/datastore/book/mysql.go:19.82,23.16 2 1
Three-Layer-Architecture/datastore/book/mysql.go:27.2,27.19 1 1
Three-Layer-Architecture/datastore/book/mysql.go:23.16,25.3 1 1
Three-Layer-Architecture/datastore/book/mysql.go:31.67,34.16 2 1
Three-Layer-Architecture/datastore/book/mysql.go:39.2,45.21 3 1
Three-Layer-Architecture/datastore/book/mysql.go:56.2,56.18 1 1
Three-Layer-Architecture/datastore/book/mysql.go:34.16,36.3 1 1
Three-Layer-Architecture/datastore/book/mysql.go:45.21,49.18 3 1
Three-Layer-Architecture/datastore/book/mysql.go:53.3,53.25 1 1
Three-Layer-Architecture/datastore/book/mysql.go:49.18,51.4 1 1
Three-Layer-Architecture/datastore/book/mysql.go:60.74,68.116 3 1
Three-Layer-Architecture/datastore/book/mysql.go:72.2,72.18 1 1
Three-Layer-Architecture/datastore/book/mysql.go:68.116,70.3 1 1
Three-Layer-Architecture/datastore/book/mysql.go:76.92,79.16 2 1
Three-Layer-Architecture/datastore/book/mysql.go:83.2,83.19 1 1
Three-Layer-Architecture/datastore/book/mysql.go:79.16,81.3 1 1
Three-Layer-Architecture/datastore/book/mysql.go:87.65,89.16 2 1
Three-Layer-Architecture/datastore/book/mysql.go:93.2,94.17 2 1
Three-Layer-Architecture/datastore/book/mysql.go:98.2,98.30 1 1
Three-Layer-Architecture/datastore/book/mysql.go:89.16,91.3 1 1
Three-Layer-Architecture/datastore/book/mysql.go:94.17,96.3 1 1
Three-Layer-Architecture/datastore/book/mysql.go:102.89,104.16 2 1
Three-Layer-Architecture/datastore/book/mysql.go:109.2,114.18 3 1
Three-Layer-Architecture/datastore/book/mysql.go:124.2,124.19 1 1
Three-Layer-Architecture/datastore/book/mysql.go:104.16,106.3 1 1
Three-Layer-Architecture/datastore/book/mysql.go:114.18,117.17 3 1
Three-Layer-Architecture/datastore/book/mysql.go:121.3,121.27 1 1
Three-Layer-Architecture/datastore/book/mysql.go:117.17,119.4 1 1
Three-Layer-Architecture/datastore/book/mysql.go:128.64,133.116 3 1
Three-Layer-Architecture/datastore/book/mysql.go:137.2,137.13 1 1
Three-Layer-Architecture/datastore/book/mysql.go:133.116,135.3 1 1
Three-Layer-Architecture/datastore/author/mysql.go:14.32,16.2 1 1
Three-Layer-Architecture/datastore/author/mysql.go:19.85,23.16 2 1
Three-Layer-Architecture/datastore/author/mysql.go:27.2,27.18 1 1
Three-Layer-Architecture/datastore/author/mysql.go:23.16,25.3 1 1
Three-Layer-Architecture/datastore/author/mysql.go:31.95,34.16 2 1
Three-Layer-Architecture/datastore/author/mysql.go:38.2,38.18 1 1
Three-Layer-Architecture/datastore/author/mysql.go:34.16,36.3 1 1
Three-Layer-Architecture/datastore/author/mysql.go:42.65,44.16 2 1
Three-Layer-Architecture/datastore/author/mysql.go:48.2,49.17 2 1
Three-Layer-Architecture/datastore/author/mysql.go:53.2,53.30 1 1
Three-Layer-Architecture/datastore/author/mysql.go:44.16,46.3 1 1
Three-Layer-Architecture/datastore/author/mysql.go:49.17,51.3 1 1
Three-Layer-Architecture/datastore/author/mysql.go:57.82,62.116 3 1
Three-Layer-Architecture/datastore/author/mysql.go:66.2,66.20 1 1
Three-Layer-Architecture/datastore/author/mysql.go:62.116,64.3 1 1
Three-Layer-Architecture/datastore/author/mysql.go:70.68,75.116 3 1
Three-Layer-Architecture/datastore/author/mysql.go:79.2,79.13 1 1
Three-Layer-Architecture/datastore/author/mysql.go:75.116,77.3 1 1
